<?xml version="1.0" encoding="UTF-8"?>
<!-- Generated by org.testng.reporters.JUnitReportReporter -->
<testsuite hostname="LAPTOP-DK6TK74Q" failures="0" tests="2" name="com.crm.vtiger.ProductTest.CreateProductTest" time="0.022" errors="0" timestamp="09 Jul 2021 10:40:55 GMT" skipped="0">
  <testcase classname="com.crm.vtiger.ProductTest.CreateProductTest" name="createProductWithNameTest" time="0.000"/>
  <testcase classname="com.crm.vtiger.ProductTest.CreateProductTest" name="createProductWithId" time="0.022"/>
</testsuite> <!-- com.crm.vtiger.ProductTest.CreateProductTest -->
