<?xml version="1.0" encoding="UTF-8"?>
<!-- Generated by org.testng.reporters.JUnitReportReporter -->
<testsuite skipped="0" hostname="DESKTOP-GK61F68" name="com.crm.vtiger.ProductTest.SearchProductTest" tests="2" failures="0" timestamp="12 Jul 2021 11:24:12 GMT" time="0.001" errors="0">
  <testcase name="searchProductWithId" time="0.000" classname="com.crm.vtiger.ProductTest.SearchProductTest"/>
  <testcase name="searchProductWithNameTest" time="0.001" classname="com.crm.vtiger.ProductTest.SearchProductTest"/>
</testsuite> <!-- com.crm.vtiger.ProductTest.SearchProductTest -->
