<?xml version="1.0" encoding="UTF-8"?>
<!-- Generated by org.testng.reporters.JUnitReportReporter -->
<testsuite skipped="0" hostname="DESKTOP-GK61F68" name="com.crm.vtiger.ProductTest.CreateProductTest" tests="2" failures="0" timestamp="12 Jul 2021 11:24:12 GMT" time="0.000" errors="0">
  <testcase name="createProductWithNameTest" time="0.000" classname="com.crm.vtiger.ProductTest.CreateProductTest"/>
  <testcase name="createProductWithId" time="0.000" classname="com.crm.vtiger.ProductTest.CreateProductTest"/>
</testsuite> <!-- com.crm.vtiger.ProductTest.CreateProductTest -->
